[25-Oct-2022 07:11:21 +0000]: <caicr94f> DB Error: SQLSTATE[HY000] [1045] Access denied for user 'roundcube'@'localhost' (using password: NO) in D:\laragon\www\roundcubemail\program\lib\Roundcube\rcube_db.php on line 194 (GET /)
[25-Oct-2022 07:11:21 +0000]: <caicr94f> PHP Error: config.inc.php was not found. (GET /)
[25-Oct-2022 07:20:32 +0000]: <caicr94f> DB Error: SQLSTATE[HY000] [1045] Access denied for user 'roundcube'@'localhost' (using password: NO) in D:\laragon\www\roundcubemail\program\lib\Roundcube\rcube_db.php on line 194 (GET /installer)
[25-Oct-2022 07:20:32 +0000]: <caicr94f> PHP Error: config.inc.php was not found. (GET /installer)
[25-Oct-2022 07:24:16 +0000]: <caicr94f> DB Error: SQLSTATE[HY000] [1045] Access denied for user 'roundcube'@'localhost' (using password: NO) in D:\laragon\www\roundcubemail\program\lib\Roundcube\rcube_db.php on line 194 (GET /installer)
[25-Oct-2022 07:24:16 +0000]: <caicr94f> DB Error: SQLSTATE[HY000] [1045] Access denied for user 'roundcube'@'localhost' (using password: NO) (GET /installer)
[25-Oct-2022 11:39:52 +0000]: <caicr94f> DB Error: SQLSTATE[HY000] [1045] Access denied for user 'roundcube'@'localhost' (using password: NO) in D:\laragon\www\roundcubemail\program\lib\Roundcube\rcube_db.php on line 194 (GET /installer)
[25-Oct-2022 11:39:52 +0000]: <caicr94f> DB Error: SQLSTATE[HY000] [1045] Access denied for user 'roundcube'@'localhost' (using password: NO) (GET /installer)
[26-Oct-2022 03:24:32 +0000]: <caicr94f> DB Error: SQLSTATE[HY000] [1045] Access denied for user 'root'@'localhost' (using password: NO) in D:\laragon\www\roundcubemail\program\lib\Roundcube\rcube_db.php on line 194 (GET /installer)
[26-Oct-2022 03:24:33 +0000]: <caicr94f> DB Error: SQLSTATE[HY000] [1045] Access denied for user 'root'@'localhost' (using password: NO) (GET /installer)
[26-Oct-2022 03:24:33 +0000]: <caicr94f> DB Error: SQLSTATE[HY000] [1045] Access denied for user 'root'@'localhost' (using password: NO) in D:\laragon\www\roundcubemail\program\lib\Roundcube\rcube_db.php on line 194 (GET /installer)
[26-Oct-2022 03:24:33 +0000]: <caicr94f> DB Error: SQLSTATE[HY000] [1045] Access denied for user 'root'@'localhost' (using password: NO) (GET /installer)
[26-Oct-2022 03:30:10 +0000]: <caicr94f> DB Error: SQLSTATE[HY000] [1045] Access denied for user 'root'@'localhost' (using password: YES) in D:\laragon\www\roundcubemail\program\lib\Roundcube\rcube_db.php on line 194 (GET /installer)
[26-Oct-2022 03:30:10 +0000]: <caicr94f> DB Error: SQLSTATE[HY000] [1045] Access denied for user 'root'@'localhost' (using password: YES) (GET /installer)
[26-Oct-2022 03:30:11 +0000]: <caicr94f> DB Error: SQLSTATE[HY000] [1045] Access denied for user 'root'@'localhost' (using password: YES) in D:\laragon\www\roundcubemail\program\lib\Roundcube\rcube_db.php on line 194 (GET /installer)
[26-Oct-2022 03:30:11 +0000]: <caicr94f> DB Error: SQLSTATE[HY000] [1045] Access denied for user 'root'@'localhost' (using password: YES) (GET /installer)
[26-Oct-2022 03:30:12 +0000]: <caicr94f> DB Error: SQLSTATE[HY000] [1045] Access denied for user 'root'@'localhost' (using password: YES) in D:\laragon\www\roundcubemail\program\lib\Roundcube\rcube_db.php on line 194 (GET /installer)
[26-Oct-2022 03:30:12 +0000]: <caicr94f> DB Error: SQLSTATE[HY000] [1045] Access denied for user 'root'@'localhost' (using password: YES) (GET /installer)
[26-Oct-2022 03:30:12 +0000]: <caicr94f> DB Error: SQLSTATE[HY000] [1045] Access denied for user 'root'@'localhost' (using password: YES) in D:\laragon\www\roundcubemail\program\lib\Roundcube\rcube_db.php on line 194 (GET /installer)
[26-Oct-2022 03:30:12 +0000]: <caicr94f> DB Error: SQLSTATE[HY000] [1045] Access denied for user 'root'@'localhost' (using password: YES) (GET /installer)
[26-Oct-2022 03:30:12 +0000]: <caicr94f> DB Error: SQLSTATE[HY000] [1045] Access denied for user 'root'@'localhost' (using password: YES) in D:\laragon\www\roundcubemail\program\lib\Roundcube\rcube_db.php on line 194 (GET /installer)
[26-Oct-2022 03:30:12 +0000]: <caicr94f> DB Error: SQLSTATE[HY000] [1045] Access denied for user 'root'@'localhost' (using password: YES) (GET /installer)
[26-Oct-2022 03:30:12 +0000]: <caicr94f> DB Error: SQLSTATE[HY000] [1045] Access denied for user 'root'@'localhost' (using password: YES) in D:\laragon\www\roundcubemail\program\lib\Roundcube\rcube_db.php on line 194 (GET /installer)
[26-Oct-2022 03:30:12 +0000]: <caicr94f> DB Error: SQLSTATE[HY000] [1045] Access denied for user 'root'@'localhost' (using password: YES) (GET /installer)
[26-Oct-2022 03:30:12 +0000]: <caicr94f> DB Error: SQLSTATE[HY000] [1045] Access denied for user 'root'@'localhost' (using password: YES) in D:\laragon\www\roundcubemail\program\lib\Roundcube\rcube_db.php on line 194 (GET /installer)
[26-Oct-2022 03:30:12 +0000]: <caicr94f> DB Error: SQLSTATE[HY000] [1045] Access denied for user 'root'@'localhost' (using password: YES) (GET /installer)
[26-Oct-2022 03:30:13 +0000]: <caicr94f> DB Error: SQLSTATE[HY000] [1045] Access denied for user 'root'@'localhost' (using password: YES) in D:\laragon\www\roundcubemail\program\lib\Roundcube\rcube_db.php on line 194 (GET /installer)
[26-Oct-2022 03:30:13 +0000]: <caicr94f> DB Error: SQLSTATE[HY000] [1045] Access denied for user 'root'@'localhost' (using password: YES) (GET /installer)
[26-Oct-2022 03:30:13 +0000]: <caicr94f> DB Error: SQLSTATE[HY000] [1045] Access denied for user 'root'@'localhost' (using password: YES) in D:\laragon\www\roundcubemail\program\lib\Roundcube\rcube_db.php on line 194 (GET /installer)
[26-Oct-2022 03:30:13 +0000]: <caicr94f> DB Error: SQLSTATE[HY000] [1045] Access denied for user 'root'@'localhost' (using password: YES) (GET /installer)
[26-Oct-2022 03:30:13 +0000]: <caicr94f> DB Error: SQLSTATE[HY000] [1045] Access denied for user 'root'@'localhost' (using password: YES) in D:\laragon\www\roundcubemail\program\lib\Roundcube\rcube_db.php on line 194 (GET /installer)
[26-Oct-2022 03:30:13 +0000]: <caicr94f> DB Error: SQLSTATE[HY000] [1045] Access denied for user 'root'@'localhost' (using password: YES) (GET /installer)
[26-Oct-2022 03:30:13 +0000]: <caicr94f> DB Error: SQLSTATE[HY000] [1045] Access denied for user 'root'@'localhost' (using password: YES) in D:\laragon\www\roundcubemail\program\lib\Roundcube\rcube_db.php on line 194 (GET /installer)
[26-Oct-2022 03:30:13 +0000]: <caicr94f> DB Error: SQLSTATE[HY000] [1045] Access denied for user 'root'@'localhost' (using password: YES) (GET /installer)
[26-Oct-2022 03:30:14 +0000]: <caicr94f> DB Error: SQLSTATE[HY000] [1045] Access denied for user 'root'@'localhost' (using password: YES) in D:\laragon\www\roundcubemail\program\lib\Roundcube\rcube_db.php on line 194 (GET /installer)
[26-Oct-2022 03:30:14 +0000]: <caicr94f> DB Error: SQLSTATE[HY000] [1045] Access denied for user 'root'@'localhost' (using password: YES) (GET /installer)
[26-Oct-2022 03:32:36 +0000]: <caicr94f> DB Error: SQLSTATE[HY000] [1045] Access denied for user 'root'@'localhost' (using password: YES) in D:\laragon\www\roundcubemail\program\lib\Roundcube\rcube_db.php on line 194 (GET /installer)
[26-Oct-2022 03:32:36 +0000]: <caicr94f> DB Error: SQLSTATE[HY000] [1045] Access denied for user 'root'@'localhost' (using password: YES) (GET /installer)
[26-Oct-2022 03:32:37 +0000]: <caicr94f> DB Error: SQLSTATE[HY000] [1045] Access denied for user 'root'@'localhost' (using password: YES) in D:\laragon\www\roundcubemail\program\lib\Roundcube\rcube_db.php on line 194 (GET /installer)
[26-Oct-2022 03:32:37 +0000]: <caicr94f> DB Error: SQLSTATE[HY000] [1045] Access denied for user 'root'@'localhost' (using password: YES) (GET /installer)
[26-Oct-2022 03:32:37 +0000]: <caicr94f> DB Error: SQLSTATE[HY000] [1045] Access denied for user 'root'@'localhost' (using password: YES) in D:\laragon\www\roundcubemail\program\lib\Roundcube\rcube_db.php on line 194 (GET /installer)
[26-Oct-2022 03:32:37 +0000]: <caicr94f> DB Error: SQLSTATE[HY000] [1045] Access denied for user 'root'@'localhost' (using password: YES) (GET /installer)
[26-Oct-2022 03:32:37 +0000]: <caicr94f> DB Error: SQLSTATE[HY000] [1045] Access denied for user 'root'@'localhost' (using password: YES) in D:\laragon\www\roundcubemail\program\lib\Roundcube\rcube_db.php on line 194 (GET /installer)
[26-Oct-2022 03:32:37 +0000]: <caicr94f> DB Error: SQLSTATE[HY000] [1045] Access denied for user 'root'@'localhost' (using password: YES) (GET /installer)
[26-Oct-2022 03:32:37 +0000]: <caicr94f> DB Error: SQLSTATE[HY000] [1045] Access denied for user 'root'@'localhost' (using password: YES) in D:\laragon\www\roundcubemail\program\lib\Roundcube\rcube_db.php on line 194 (GET /installer)
[26-Oct-2022 03:32:37 +0000]: <caicr94f> DB Error: SQLSTATE[HY000] [1045] Access denied for user 'root'@'localhost' (using password: YES) (GET /installer)
[26-Oct-2022 03:32:38 +0000]: <caicr94f> DB Error: SQLSTATE[HY000] [1045] Access denied for user 'root'@'localhost' (using password: YES) in D:\laragon\www\roundcubemail\program\lib\Roundcube\rcube_db.php on line 194 (GET /installer)
[26-Oct-2022 03:32:38 +0000]: <caicr94f> DB Error: SQLSTATE[HY000] [1045] Access denied for user 'root'@'localhost' (using password: YES) (GET /installer)
[26-Oct-2022 03:32:39 +0000]: <caicr94f> DB Error: SQLSTATE[HY000] [1045] Access denied for user 'root'@'localhost' (using password: YES) in D:\laragon\www\roundcubemail\program\lib\Roundcube\rcube_db.php on line 194 (GET /installer)
[26-Oct-2022 03:32:39 +0000]: <caicr94f> DB Error: SQLSTATE[HY000] [1045] Access denied for user 'root'@'localhost' (using password: YES) (GET /installer)
[26-Oct-2022 03:32:39 +0000]: <caicr94f> DB Error: SQLSTATE[HY000] [1045] Access denied for user 'root'@'localhost' (using password: YES) in D:\laragon\www\roundcubemail\program\lib\Roundcube\rcube_db.php on line 194 (GET /installer)
[26-Oct-2022 03:32:39 +0000]: <caicr94f> DB Error: SQLSTATE[HY000] [1045] Access denied for user 'root'@'localhost' (using password: YES) (GET /installer)
[26-Oct-2022 03:33:35 +0000]: <caicr94f> IMAP Error: Login failed for d against localhost from 127.0.0.1. Could not connect to localhost:143: 由于目标计算机积极拒绝，无法连接。
 in D:\laragon\www\roundcubemail\program\lib\Roundcube\rcube_imap.php on line 211 (POST /?_task=login&_action=login)
[26-Oct-2022 08:10:40 +0000]: <caicr94f> IMAP Error: Login failed for 22 against localhost from 127.0.0.1. Could not connect to localhost:143: 由于目标计算机积极拒绝，无法连接。
 in D:\laragon\www\roundcubemail\program\lib\Roundcube\rcube_imap.php on line 211 (POST /?_task=login&_action=login)
[26-Oct-2022 09:24:07 +0000]: <caicr94f> IMAP Error: Login failed for vdong@vdong.xyz against mail.vdong.xyz from 127.0.0.1. AUTHENTICATE PLAIN: Authentication failed. in D:\laragon\www\roundcubemail\program\lib\Roundcube\rcube_imap.php on line 211 (POST /?_task=login&_action=login)
[26-Oct-2022 09:25:06 +0000]: <caicr94f> IMAP Error: Login failed for vdong@vdong.xyz against mail.vdong.xyz from 127.0.0.1. Could not connect to ssl://mail.vdong.xyz:993: 由于目标计算机积极拒绝，无法连接。
 in D:\laragon\www\roundcubemail\program\lib\Roundcube\rcube_imap.php on line 211 (POST /?_task=login&_action=login)
[26-Oct-2022 09:32:51 +0000]: <ucjbllua> PHP Error: fsockopen(): unable to connect to ssl://mail.vdong.xyz:587 (Unknown error) (POST /?_task=mail&_unlock=loading1666776770509&_framed=1&_action=send)
[26-Oct-2022 09:32:51 +0000]: <ucjbllua> PHP Error: Failed to connect socket: fsockopen(): unable to connect to ssl://mail.vdong.xyz:587 (Unknown error) (POST /?_task=mail&_unlock=loading1666776770509&_framed=1&_action=send)
[26-Oct-2022 09:32:51 +0000]: <ucjbllua> SMTP Error: Connection failed: Failed to connect socket: fsockopen(): unable to connect to ssl://mail.vdong.xyz:587 (Unknown error) in D:\laragon\www\roundcubemail\program\lib\Roundcube\rcube.php on line 1778 (POST /?_task=mail&_unlock=loading1666776770509&_framed=1&_action=send)
[26-Oct-2022 09:49:10 +0000]: <ucjbllua> PHP Error: fsockopen(): unable to connect to ssl://mail.vdong.xyz:587 (Unknown error) (POST /?_task=mail&_unlock=loading1666777750650&_framed=1&_action=send)
[26-Oct-2022 09:49:10 +0000]: <ucjbllua> PHP Error: Failed to connect socket: fsockopen(): unable to connect to ssl://mail.vdong.xyz:587 (Unknown error) (POST /?_task=mail&_unlock=loading1666777750650&_framed=1&_action=send)
[26-Oct-2022 09:49:10 +0000]: <ucjbllua> SMTP Error: Connection failed: Failed to connect socket: fsockopen(): unable to connect to ssl://mail.vdong.xyz:587 (Unknown error) in D:\laragon\www\roundcubemail\program\lib\Roundcube\rcube.php on line 1778 (POST /?_task=mail&_unlock=loading1666777750650&_framed=1&_action=send)
[26-Oct-2022 09:49:12 +0000]: <ucjbllua> PHP Error: fsockopen(): unable to connect to ssl://mail.vdong.xyz:587 (Unknown error) (POST /?_task=mail&_unlock=loading1666777752007&_framed=1&_action=send)
[26-Oct-2022 09:49:12 +0000]: <ucjbllua> PHP Error: Failed to connect socket: fsockopen(): unable to connect to ssl://mail.vdong.xyz:587 (Unknown error) (POST /?_task=mail&_unlock=loading1666777752007&_framed=1&_action=send)
[26-Oct-2022 09:49:12 +0000]: <ucjbllua> SMTP Error: Connection failed: Failed to connect socket: fsockopen(): unable to connect to ssl://mail.vdong.xyz:587 (Unknown error) in D:\laragon\www\roundcubemail\program\lib\Roundcube\rcube.php on line 1778 (POST /?_task=mail&_unlock=loading1666777752007&_framed=1&_action=send)
[26-Oct-2022 09:49:13 +0000]: <ucjbllua> PHP Error: fsockopen(): unable to connect to ssl://mail.vdong.xyz:587 (Unknown error) (POST /?_task=mail&_unlock=loading1666777752972&_framed=1&_action=send)
[26-Oct-2022 09:49:13 +0000]: <ucjbllua> PHP Error: Failed to connect socket: fsockopen(): unable to connect to ssl://mail.vdong.xyz:587 (Unknown error) (POST /?_task=mail&_unlock=loading1666777752972&_framed=1&_action=send)
[26-Oct-2022 09:49:13 +0000]: <ucjbllua> SMTP Error: Connection failed: Failed to connect socket: fsockopen(): unable to connect to ssl://mail.vdong.xyz:587 (Unknown error) in D:\laragon\www\roundcubemail\program\lib\Roundcube\rcube.php on line 1778 (POST /?_task=mail&_unlock=loading1666777752972&_framed=1&_action=send)
[26-Oct-2022 09:49:13 +0000]: <ucjbllua> PHP Error: fsockopen(): unable to connect to ssl://mail.vdong.xyz:587 (Unknown error) (POST /?_task=mail&_unlock=loading1666777753425&_framed=1&_action=send)
[26-Oct-2022 09:49:13 +0000]: <ucjbllua> PHP Error: Failed to connect socket: fsockopen(): unable to connect to ssl://mail.vdong.xyz:587 (Unknown error) (POST /?_task=mail&_unlock=loading1666777753425&_framed=1&_action=send)
[26-Oct-2022 09:49:13 +0000]: <ucjbllua> SMTP Error: Connection failed: Failed to connect socket: fsockopen(): unable to connect to ssl://mail.vdong.xyz:587 (Unknown error) in D:\laragon\www\roundcubemail\program\lib\Roundcube\rcube.php on line 1778 (POST /?_task=mail&_unlock=loading1666777753425&_framed=1&_action=send)
[26-Oct-2022 09:49:13 +0000]: <ucjbllua> PHP Error: fsockopen(): unable to connect to ssl://mail.vdong.xyz:587 (Unknown error) (POST /?_task=mail&_unlock=loading1666777753748&_framed=1&_action=send)
[26-Oct-2022 09:49:13 +0000]: <ucjbllua> PHP Error: Failed to connect socket: fsockopen(): unable to connect to ssl://mail.vdong.xyz:587 (Unknown error) (POST /?_task=mail&_unlock=loading1666777753748&_framed=1&_action=send)
[26-Oct-2022 09:49:13 +0000]: <ucjbllua> SMTP Error: Connection failed: Failed to connect socket: fsockopen(): unable to connect to ssl://mail.vdong.xyz:587 (Unknown error) in D:\laragon\www\roundcubemail\program\lib\Roundcube\rcube.php on line 1778 (POST /?_task=mail&_unlock=loading1666777753748&_framed=1&_action=send)
[26-Oct-2022 09:49:14 +0000]: <ucjbllua> PHP Error: fsockopen(): unable to connect to ssl://mail.vdong.xyz:587 (Unknown error) (POST /?_task=mail&_unlock=loading1666777753992&_framed=1&_action=send)
[26-Oct-2022 09:49:14 +0000]: <ucjbllua> PHP Error: Failed to connect socket: fsockopen(): unable to connect to ssl://mail.vdong.xyz:587 (Unknown error) (POST /?_task=mail&_unlock=loading1666777753992&_framed=1&_action=send)
[26-Oct-2022 09:49:14 +0000]: <ucjbllua> SMTP Error: Connection failed: Failed to connect socket: fsockopen(): unable to connect to ssl://mail.vdong.xyz:587 (Unknown error) in D:\laragon\www\roundcubemail\program\lib\Roundcube\rcube.php on line 1778 (POST /?_task=mail&_unlock=loading1666777753992&_framed=1&_action=send)
[26-Oct-2022 09:49:15 +0000]: <ucjbllua> PHP Error: fsockopen(): unable to connect to ssl://mail.vdong.xyz:587 (Unknown error) (POST /?_task=mail&_unlock=loading1666777755343&_framed=1&_action=send)
[26-Oct-2022 09:49:15 +0000]: <ucjbllua> PHP Error: Failed to connect socket: fsockopen(): unable to connect to ssl://mail.vdong.xyz:587 (Unknown error) (POST /?_task=mail&_unlock=loading1666777755343&_framed=1&_action=send)
[26-Oct-2022 09:49:15 +0000]: <ucjbllua> SMTP Error: Connection failed: Failed to connect socket: fsockopen(): unable to connect to ssl://mail.vdong.xyz:587 (Unknown error) in D:\laragon\www\roundcubemail\program\lib\Roundcube\rcube.php on line 1778 (POST /?_task=mail&_unlock=loading1666777755343&_framed=1&_action=send)
[26-Oct-2022 09:49:16 +0000]: <ucjbllua> PHP Error: fsockopen(): unable to connect to ssl://mail.vdong.xyz:587 (Unknown error) (POST /?_task=mail&_unlock=loading1666777756336&_framed=1&_action=send)
[26-Oct-2022 09:49:16 +0000]: <ucjbllua> PHP Error: Failed to connect socket: fsockopen(): unable to connect to ssl://mail.vdong.xyz:587 (Unknown error) (POST /?_task=mail&_unlock=loading1666777756336&_framed=1&_action=send)
[26-Oct-2022 09:49:16 +0000]: <ucjbllua> SMTP Error: Connection failed: Failed to connect socket: fsockopen(): unable to connect to ssl://mail.vdong.xyz:587 (Unknown error) in D:\laragon\www\roundcubemail\program\lib\Roundcube\rcube.php on line 1778 (POST /?_task=mail&_unlock=loading1666777756336&_framed=1&_action=send)
[26-Oct-2022 09:49:19 +0000]: <ucjbllua> PHP Error: fsockopen(): unable to connect to ssl://mail.vdong.xyz:587 (Unknown error) (POST /?_task=mail&_unlock=loading1666777759249&_framed=1&_action=send)
[26-Oct-2022 09:49:19 +0000]: <ucjbllua> PHP Error: Failed to connect socket: fsockopen(): unable to connect to ssl://mail.vdong.xyz:587 (Unknown error) (POST /?_task=mail&_unlock=loading1666777759249&_framed=1&_action=send)
[26-Oct-2022 09:49:19 +0000]: <ucjbllua> SMTP Error: Connection failed: Failed to connect socket: fsockopen(): unable to connect to ssl://mail.vdong.xyz:587 (Unknown error) in D:\laragon\www\roundcubemail\program\lib\Roundcube\rcube.php on line 1778 (POST /?_task=mail&_unlock=loading1666777759249&_framed=1&_action=send)
[26-Oct-2022 09:49:24 +0000]: <ucjbllua> PHP Error: fsockopen(): unable to connect to ssl://mail.vdong.xyz:587 (Unknown error) (POST /?_task=mail&_unlock=loading1666777764580&_framed=1&_action=send)
[26-Oct-2022 09:49:24 +0000]: <ucjbllua> PHP Error: Failed to connect socket: fsockopen(): unable to connect to ssl://mail.vdong.xyz:587 (Unknown error) (POST /?_task=mail&_unlock=loading1666777764580&_framed=1&_action=send)
[26-Oct-2022 09:49:24 +0000]: <ucjbllua> SMTP Error: Connection failed: Failed to connect socket: fsockopen(): unable to connect to ssl://mail.vdong.xyz:587 (Unknown error) in D:\laragon\www\roundcubemail\program\lib\Roundcube\rcube.php on line 1778 (POST /?_task=mail&_unlock=loading1666777764580&_framed=1&_action=send)
[26-Oct-2022 09:49:55 +0000]: <ucjbllua> PHP Error: fsockopen(): unable to connect to ssl://mail.vdong.xyz:587 (Unknown error) (POST /?_task=mail&_unlock=loading1666777795032&_framed=1&_action=send)
[26-Oct-2022 09:49:55 +0000]: <ucjbllua> PHP Error: Failed to connect socket: fsockopen(): unable to connect to ssl://mail.vdong.xyz:587 (Unknown error) (POST /?_task=mail&_unlock=loading1666777795032&_framed=1&_action=send)
[26-Oct-2022 09:49:55 +0000]: <ucjbllua> SMTP Error: Connection failed: Failed to connect socket: fsockopen(): unable to connect to ssl://mail.vdong.xyz:587 (Unknown error) in D:\laragon\www\roundcubemail\program\lib\Roundcube\rcube.php on line 1778 (POST /?_task=mail&_unlock=loading1666777795032&_framed=1&_action=send)
[26-Oct-2022 09:50:59 +0000]: <ucjbllua> PHP Error: fsockopen(): unable to connect to ssl://mail.vdong.xyz:587 (Unknown error) (POST /?_task=mail&_unlock=loading1666777858841&_framed=1&_action=send)
[26-Oct-2022 09:50:59 +0000]: <ucjbllua> PHP Error: Failed to connect socket: fsockopen(): unable to connect to ssl://mail.vdong.xyz:587 (Unknown error) (POST /?_task=mail&_unlock=loading1666777858841&_framed=1&_action=send)
[26-Oct-2022 09:50:59 +0000]: <ucjbllua> SMTP Error: Connection failed: Failed to connect socket: fsockopen(): unable to connect to ssl://mail.vdong.xyz:587 (Unknown error) in D:\laragon\www\roundcubemail\program\lib\Roundcube\rcube.php on line 1778 (POST /?_task=mail&_unlock=loading1666777858841&_framed=1&_action=send)
[26-Oct-2022 09:53:06 +0000]: <ucjbllua> PHP Error: fsockopen(): unable to connect to ssl://mail.vdong.xyz:587 (Unknown error) (POST /?_task=mail&_unlock=loading1666777986365&_framed=1&_action=send)
[26-Oct-2022 09:53:06 +0000]: <ucjbllua> PHP Error: Failed to connect socket: fsockopen(): unable to connect to ssl://mail.vdong.xyz:587 (Unknown error) (POST /?_task=mail&_unlock=loading1666777986365&_framed=1&_action=send)
[26-Oct-2022 09:53:06 +0000]: <ucjbllua> SMTP Error: Connection failed: Failed to connect socket: fsockopen(): unable to connect to ssl://mail.vdong.xyz:587 (Unknown error) in D:\laragon\www\roundcubemail\program\lib\Roundcube\rcube.php on line 1778 (POST /?_task=mail&_unlock=loading1666777986365&_framed=1&_action=send)
[26-Oct-2022 10:34:19 +0000]: <ucjbllua> PHP Error: fsockopen(): unable to connect to ssl://mail.vdong.xyz:587 (Unknown error) (POST /?_task=mail&_unlock=loading1666780459063&_framed=1&_action=send)
[26-Oct-2022 10:34:19 +0000]: <ucjbllua> PHP Error: Failed to connect socket: fsockopen(): unable to connect to ssl://mail.vdong.xyz:587 (Unknown error) (POST /?_task=mail&_unlock=loading1666780459063&_framed=1&_action=send)
[26-Oct-2022 10:34:19 +0000]: <ucjbllua> SMTP Error: Connection failed: Failed to connect socket: fsockopen(): unable to connect to ssl://mail.vdong.xyz:587 (Unknown error) in D:\laragon\www\roundcubemail\program\lib\Roundcube\rcube.php on line 1778 (POST /?_task=mail&_unlock=loading1666780459063&_framed=1&_action=send)
[26-Oct-2022 10:34:26 +0000]: <ucjbllua> PHP Error: fsockopen(): unable to connect to ssl://mail.vdong.xyz:587 (Unknown error) (POST /?_task=mail&_unlock=loading1666780466408&_framed=1&_action=send)
[26-Oct-2022 10:34:26 +0000]: <ucjbllua> PHP Error: Failed to connect socket: fsockopen(): unable to connect to ssl://mail.vdong.xyz:587 (Unknown error) (POST /?_task=mail&_unlock=loading1666780466408&_framed=1&_action=send)
[26-Oct-2022 10:34:26 +0000]: <ucjbllua> SMTP Error: Connection failed: Failed to connect socket: fsockopen(): unable to connect to ssl://mail.vdong.xyz:587 (Unknown error) in D:\laragon\www\roundcubemail\program\lib\Roundcube\rcube.php on line 1778 (POST /?_task=mail&_unlock=loading1666780466408&_framed=1&_action=send)
[26-Oct-2022 10:34:31 +0000]: <ucjbllua> PHP Error: fsockopen(): unable to connect to ssl://mail.vdong.xyz:587 (Unknown error) (POST /?_task=mail&_unlock=loading1666780470830&_framed=1&_action=send)
[26-Oct-2022 10:34:31 +0000]: <ucjbllua> PHP Error: Failed to connect socket: fsockopen(): unable to connect to ssl://mail.vdong.xyz:587 (Unknown error) (POST /?_task=mail&_unlock=loading1666780470830&_framed=1&_action=send)
[26-Oct-2022 10:34:31 +0000]: <ucjbllua> SMTP Error: Connection failed: Failed to connect socket: fsockopen(): unable to connect to ssl://mail.vdong.xyz:587 (Unknown error) in D:\laragon\www\roundcubemail\program\lib\Roundcube\rcube.php on line 1778 (POST /?_task=mail&_unlock=loading1666780470830&_framed=1&_action=send)
[26-Oct-2022 10:34:50 +0000]: <ucjbllua> PHP Error: fsockopen(): unable to connect to ssl://mail.vdong.xyz:587 (Unknown error) (POST /?_task=mail&_unlock=loading1666780490030&_framed=1&_action=send)
[26-Oct-2022 10:34:50 +0000]: <ucjbllua> PHP Error: Failed to connect socket: fsockopen(): unable to connect to ssl://mail.vdong.xyz:587 (Unknown error) (POST /?_task=mail&_unlock=loading1666780490030&_framed=1&_action=send)
[26-Oct-2022 10:34:50 +0000]: <ucjbllua> SMTP Error: Connection failed: Failed to connect socket: fsockopen(): unable to connect to ssl://mail.vdong.xyz:587 (Unknown error) in D:\laragon\www\roundcubemail\program\lib\Roundcube\rcube.php on line 1778 (POST /?_task=mail&_unlock=loading1666780490030&_framed=1&_action=send)
[26-Oct-2022 10:34:51 +0000]: <ucjbllua> PHP Error: fsockopen(): unable to connect to ssl://mail.vdong.xyz:587 (Unknown error) (POST /?_task=mail&_unlock=loading1666780491251&_framed=1&_action=send)
[26-Oct-2022 10:34:51 +0000]: <ucjbllua> PHP Error: Failed to connect socket: fsockopen(): unable to connect to ssl://mail.vdong.xyz:587 (Unknown error) (POST /?_task=mail&_unlock=loading1666780491251&_framed=1&_action=send)
[26-Oct-2022 10:34:51 +0000]: <ucjbllua> SMTP Error: Connection failed: Failed to connect socket: fsockopen(): unable to connect to ssl://mail.vdong.xyz:587 (Unknown error) in D:\laragon\www\roundcubemail\program\lib\Roundcube\rcube.php on line 1778 (POST /?_task=mail&_unlock=loading1666780491251&_framed=1&_action=send)
[26-Oct-2022 10:34:52 +0000]: <ucjbllua> PHP Error: fsockopen(): unable to connect to ssl://mail.vdong.xyz:587 (Unknown error) (POST /?_task=mail&_unlock=loading1666780492226&_framed=1&_action=send)
[26-Oct-2022 10:34:52 +0000]: <ucjbllua> PHP Error: Failed to connect socket: fsockopen(): unable to connect to ssl://mail.vdong.xyz:587 (Unknown error) (POST /?_task=mail&_unlock=loading1666780492226&_framed=1&_action=send)
[26-Oct-2022 10:34:52 +0000]: <ucjbllua> SMTP Error: Connection failed: Failed to connect socket: fsockopen(): unable to connect to ssl://mail.vdong.xyz:587 (Unknown error) in D:\laragon\www\roundcubemail\program\lib\Roundcube\rcube.php on line 1778 (POST /?_task=mail&_unlock=loading1666780492226&_framed=1&_action=send)
[26-Oct-2022 10:43:49 +0000]: <ucjbllua> PHP Error: fsockopen(): unable to connect to ssl://mail.vdong.xyz:587 (Unknown error) (POST /?_task=mail&_unlock=loading1666781029482&_framed=1&_action=send)
[26-Oct-2022 10:43:49 +0000]: <ucjbllua> PHP Error: Failed to connect socket: fsockopen(): unable to connect to ssl://mail.vdong.xyz:587 (Unknown error) (POST /?_task=mail&_unlock=loading1666781029482&_framed=1&_action=send)
[26-Oct-2022 10:43:49 +0000]: <ucjbllua> SMTP Error: Connection failed: Failed to connect socket: fsockopen(): unable to connect to ssl://mail.vdong.xyz:587 (Unknown error) in D:\laragon\www\roundcubemail\program\lib\Roundcube\rcube.php on line 1778 (POST /?_task=mail&_unlock=loading1666781029482&_framed=1&_action=send)
[26-Oct-2022 10:43:51 +0000]: <ucjbllua> PHP Error: fsockopen(): unable to connect to ssl://mail.vdong.xyz:587 (Unknown error) (POST /?_task=mail&_unlock=loading1666781031062&_framed=1&_action=send)
[26-Oct-2022 10:43:51 +0000]: <ucjbllua> PHP Error: Failed to connect socket: fsockopen(): unable to connect to ssl://mail.vdong.xyz:587 (Unknown error) (POST /?_task=mail&_unlock=loading1666781031062&_framed=1&_action=send)
[26-Oct-2022 10:43:51 +0000]: <ucjbllua> SMTP Error: Connection failed: Failed to connect socket: fsockopen(): unable to connect to ssl://mail.vdong.xyz:587 (Unknown error) in D:\laragon\www\roundcubemail\program\lib\Roundcube\rcube.php on line 1778 (POST /?_task=mail&_unlock=loading1666781031062&_framed=1&_action=send)
[26-Oct-2022 10:43:52 +0000]: <ucjbllua> PHP Error: fsockopen(): unable to connect to ssl://mail.vdong.xyz:587 (Unknown error) (POST /?_task=mail&_unlock=loading1666781031908&_framed=1&_action=send)
[26-Oct-2022 10:43:52 +0000]: <ucjbllua> PHP Error: Failed to connect socket: fsockopen(): unable to connect to ssl://mail.vdong.xyz:587 (Unknown error) (POST /?_task=mail&_unlock=loading1666781031908&_framed=1&_action=send)
[26-Oct-2022 10:43:52 +0000]: <ucjbllua> SMTP Error: Connection failed: Failed to connect socket: fsockopen(): unable to connect to ssl://mail.vdong.xyz:587 (Unknown error) in D:\laragon\www\roundcubemail\program\lib\Roundcube\rcube.php on line 1778 (POST /?_task=mail&_unlock=loading1666781031908&_framed=1&_action=send)
[26-Oct-2022 10:44:03 +0000]: <ucjbllua> PHP Error: fsockopen(): unable to connect to ssl://mail.vdong.xyz:587 (Unknown error) (POST /?_task=mail&_unlock=loading1666781042900&_framed=1&_action=send)
[26-Oct-2022 10:44:03 +0000]: <ucjbllua> PHP Error: Failed to connect socket: fsockopen(): unable to connect to ssl://mail.vdong.xyz:587 (Unknown error) (POST /?_task=mail&_unlock=loading1666781042900&_framed=1&_action=send)
[26-Oct-2022 10:44:03 +0000]: <ucjbllua> SMTP Error: Connection failed: Failed to connect socket: fsockopen(): unable to connect to ssl://mail.vdong.xyz:587 (Unknown error) in D:\laragon\www\roundcubemail\program\lib\Roundcube\rcube.php on line 1778 (POST /?_task=mail&_unlock=loading1666781042900&_framed=1&_action=send)
[26-Oct-2022 10:49:31 +0000]: <8a227ec4> PHP Error: fsockopen(): unable to connect to ssl://mail.vdong.xyz:587 (Unknown error) (POST /?_task=mail&_unlock=loading1666781371547&_framed=1&_action=send)
[26-Oct-2022 10:49:31 +0000]: <8a227ec4> PHP Error: Failed to connect socket: fsockopen(): unable to connect to ssl://mail.vdong.xyz:587 (Unknown error) (POST /?_task=mail&_unlock=loading1666781371547&_framed=1&_action=send)
[26-Oct-2022 10:49:31 +0000]: <8a227ec4> SMTP Error: Connection failed: Failed to connect socket: fsockopen(): unable to connect to ssl://mail.vdong.xyz:587 (Unknown error) in D:\laragon\www\roundcubemail\program\lib\Roundcube\rcube.php on line 1778 (POST /?_task=mail&_unlock=loading1666781371547&_framed=1&_action=send)
[26-Oct-2022 10:49:33 +0000]: <8a227ec4> PHP Error: fsockopen(): unable to connect to ssl://mail.vdong.xyz:587 (Unknown error) (POST /?_task=mail&_unlock=loading1666781373016&_framed=1&_action=send)
[26-Oct-2022 10:49:33 +0000]: <8a227ec4> PHP Error: Failed to connect socket: fsockopen(): unable to connect to ssl://mail.vdong.xyz:587 (Unknown error) (POST /?_task=mail&_unlock=loading1666781373016&_framed=1&_action=send)
[26-Oct-2022 10:49:33 +0000]: <8a227ec4> SMTP Error: Connection failed: Failed to connect socket: fsockopen(): unable to connect to ssl://mail.vdong.xyz:587 (Unknown error) in D:\laragon\www\roundcubemail\program\lib\Roundcube\rcube.php on line 1778 (POST /?_task=mail&_unlock=loading1666781373016&_framed=1&_action=send)
[26-Oct-2022 10:49:33 +0000]: <8a227ec4> PHP Error: fsockopen(): unable to connect to ssl://mail.vdong.xyz:587 (Unknown error) (POST /?_task=mail&_unlock=loading1666781373399&_framed=1&_action=send)
[26-Oct-2022 10:49:33 +0000]: <8a227ec4> PHP Error: Failed to connect socket: fsockopen(): unable to connect to ssl://mail.vdong.xyz:587 (Unknown error) (POST /?_task=mail&_unlock=loading1666781373399&_framed=1&_action=send)
[26-Oct-2022 10:49:33 +0000]: <8a227ec4> SMTP Error: Connection failed: Failed to connect socket: fsockopen(): unable to connect to ssl://mail.vdong.xyz:587 (Unknown error) in D:\laragon\www\roundcubemail\program\lib\Roundcube\rcube.php on line 1778 (POST /?_task=mail&_unlock=loading1666781373399&_framed=1&_action=send)
[26-Oct-2022 10:49:33 +0000]: <8a227ec4> PHP Error: fsockopen(): unable to connect to ssl://mail.vdong.xyz:587 (Unknown error) (POST /?_task=mail&_unlock=loading1666781373766&_framed=1&_action=send)
[26-Oct-2022 10:49:33 +0000]: <8a227ec4> PHP Error: Failed to connect socket: fsockopen(): unable to connect to ssl://mail.vdong.xyz:587 (Unknown error) (POST /?_task=mail&_unlock=loading1666781373766&_framed=1&_action=send)
[26-Oct-2022 10:49:33 +0000]: <8a227ec4> SMTP Error: Connection failed: Failed to connect socket: fsockopen(): unable to connect to ssl://mail.vdong.xyz:587 (Unknown error) in D:\laragon\www\roundcubemail\program\lib\Roundcube\rcube.php on line 1778 (POST /?_task=mail&_unlock=loading1666781373766&_framed=1&_action=send)
[26-Oct-2022 10:49:37 +0000]: <8a227ec4> PHP Error: fsockopen(): unable to connect to ssl://mail.vdong.xyz:587 (Unknown error) (POST /?_task=mail&_unlock=loading1666781377662&_framed=1&_action=send)
[26-Oct-2022 10:49:37 +0000]: <8a227ec4> PHP Error: Failed to connect socket: fsockopen(): unable to connect to ssl://mail.vdong.xyz:587 (Unknown error) (POST /?_task=mail&_unlock=loading1666781377662&_framed=1&_action=send)
[26-Oct-2022 10:49:37 +0000]: <8a227ec4> SMTP Error: Connection failed: Failed to connect socket: fsockopen(): unable to connect to ssl://mail.vdong.xyz:587 (Unknown error) in D:\laragon\www\roundcubemail\program\lib\Roundcube\rcube.php on line 1778 (POST /?_task=mail&_unlock=loading1666781377662&_framed=1&_action=send)
[27-Oct-2022 01:23:44 +0000]: <39rn2slv> PHP Error: fsockopen(): unable to connect to ssl://mail.vdong.xyz:587 (Unknown error) (POST /?_task=mail&_unlock=loading1666833824122&_framed=1&_action=send)
[27-Oct-2022 01:23:44 +0000]: <39rn2slv> PHP Error: Failed to connect socket: fsockopen(): unable to connect to ssl://mail.vdong.xyz:587 (Unknown error) (POST /?_task=mail&_unlock=loading1666833824122&_framed=1&_action=send)
[27-Oct-2022 01:23:44 +0000]: <39rn2slv> SMTP Error: Connection failed: Failed to connect socket: fsockopen(): unable to connect to ssl://mail.vdong.xyz:587 (Unknown error) in D:\laragon\www\roundcubemail\program\lib\Roundcube\rcube.php on line 1778 (POST /?_task=mail&_unlock=loading1666833824122&_framed=1&_action=send)
[27-Oct-2022 01:28:23 +0000]: <39rn2slv> PHP Error: fsockopen(): unable to connect to ssl://mail.vdong.xyz:587 (Unknown error) (POST /?_task=mail&_unlock=loading1666834102618&_framed=1&_action=send)
[27-Oct-2022 01:28:23 +0000]: <39rn2slv> PHP Error: Failed to connect socket: fsockopen(): unable to connect to ssl://mail.vdong.xyz:587 (Unknown error) (POST /?_task=mail&_unlock=loading1666834102618&_framed=1&_action=send)
[27-Oct-2022 01:28:23 +0000]: <39rn2slv> SMTP Error: Connection failed: Failed to connect socket: fsockopen(): unable to connect to ssl://mail.vdong.xyz:587 (Unknown error) in D:\laragon\www\roundcubemail\program\lib\Roundcube\rcube.php on line 1778 (POST /?_task=mail&_unlock=loading1666834102618&_framed=1&_action=send)
[27-Oct-2022 01:28:24 +0000]: <39rn2slv> PHP Error: fsockopen(): unable to connect to ssl://mail.vdong.xyz:587 (Unknown error) (POST /?_task=mail&_unlock=loading1666834103968&_framed=1&_action=send)
[27-Oct-2022 01:28:24 +0000]: <39rn2slv> PHP Error: Failed to connect socket: fsockopen(): unable to connect to ssl://mail.vdong.xyz:587 (Unknown error) (POST /?_task=mail&_unlock=loading1666834103968&_framed=1&_action=send)
[27-Oct-2022 01:28:24 +0000]: <39rn2slv> SMTP Error: Connection failed: Failed to connect socket: fsockopen(): unable to connect to ssl://mail.vdong.xyz:587 (Unknown error) in D:\laragon\www\roundcubemail\program\lib\Roundcube\rcube.php on line 1778 (POST /?_task=mail&_unlock=loading1666834103968&_framed=1&_action=send)
[27-Oct-2022 01:28:25 +0000]: <39rn2slv> PHP Error: fsockopen(): unable to connect to ssl://mail.vdong.xyz:587 (Unknown error) (POST /?_task=mail&_unlock=loading1666834104849&_framed=1&_action=send)
[27-Oct-2022 01:28:25 +0000]: <39rn2slv> PHP Error: Failed to connect socket: fsockopen(): unable to connect to ssl://mail.vdong.xyz:587 (Unknown error) (POST /?_task=mail&_unlock=loading1666834104849&_framed=1&_action=send)
[27-Oct-2022 01:28:25 +0000]: <39rn2slv> SMTP Error: Connection failed: Failed to connect socket: fsockopen(): unable to connect to ssl://mail.vdong.xyz:587 (Unknown error) in D:\laragon\www\roundcubemail\program\lib\Roundcube\rcube.php on line 1778 (POST /?_task=mail&_unlock=loading1666834104849&_framed=1&_action=send)
[27-Oct-2022 01:35:16 +0000]: <39rn2slv> PHP Error: fsockopen(): unable to connect to ssl://mail.vdong.xyz:587 (Unknown error) (POST /?_task=mail&_unlock=loading1666834515773&_framed=1&_action=send)
[27-Oct-2022 01:35:16 +0000]: <39rn2slv> PHP Error: Failed to connect socket: fsockopen(): unable to connect to ssl://mail.vdong.xyz:587 (Unknown error) (POST /?_task=mail&_unlock=loading1666834515773&_framed=1&_action=send)
[27-Oct-2022 01:35:16 +0000]: <39rn2slv> SMTP Error: Connection failed: Failed to connect socket: fsockopen(): unable to connect to ssl://mail.vdong.xyz:587 (Unknown error) in D:\laragon\www\roundcubemail\program\lib\Roundcube\rcube.php on line 1778 (POST /?_task=mail&_unlock=loading1666834515773&_framed=1&_action=send)
[27-Oct-2022 01:45:59 +0000]: <39rn2slv> PHP Error: fsockopen(): unable to connect to ssl://mail.vdong.xyz:587 (Unknown error) (POST /?_task=mail&_unlock=loading1666835158991&_framed=1&_action=send)
[27-Oct-2022 01:45:59 +0000]: <39rn2slv> PHP Error: Failed to connect socket: fsockopen(): unable to connect to ssl://mail.vdong.xyz:587 (Unknown error) (POST /?_task=mail&_unlock=loading1666835158991&_framed=1&_action=send)
[27-Oct-2022 01:45:59 +0000]: <39rn2slv> SMTP Error: Connection failed: Failed to connect socket: fsockopen(): unable to connect to ssl://mail.vdong.xyz:587 (Unknown error) in D:\laragon\www\roundcubemail\program\lib\Roundcube\rcube.php on line 1778 (POST /?_task=mail&_unlock=loading1666835158991&_framed=1&_action=send)
[27-Oct-2022 02:16:24 +0000]: <39rn2slv> PHP Error: fsockopen(): unable to connect to ssl://mail.vdong.xyz:587 (Unknown error) (POST /?_task=mail&_unlock=loading1666836984253&_framed=1&_action=send)
[27-Oct-2022 02:16:24 +0000]: <39rn2slv> PHP Error: Failed to connect socket: fsockopen(): unable to connect to ssl://mail.vdong.xyz:587 (Unknown error) (POST /?_task=mail&_unlock=loading1666836984253&_framed=1&_action=send)
[27-Oct-2022 02:16:24 +0000]: <39rn2slv> SMTP Error: Connection failed: Failed to connect socket: fsockopen(): unable to connect to ssl://mail.vdong.xyz:587 (Unknown error) in D:\laragon\www\roundcubemail\program\lib\Roundcube\rcube.php on line 1778 (POST /?_task=mail&_unlock=loading1666836984253&_framed=1&_action=send)
[27-Oct-2022 02:19:41 +0000]: <39rn2slv> PHP Error: fsockopen(): unable to connect to ssl://mail.vdong.xyz:587 (Unknown error) (POST /?_task=mail&_unlock=loading1666837180997&_framed=1&_action=send)
[27-Oct-2022 02:19:41 +0000]: <39rn2slv> PHP Error: Failed to connect socket: fsockopen(): unable to connect to ssl://mail.vdong.xyz:587 (Unknown error) (POST /?_task=mail&_unlock=loading1666837180997&_framed=1&_action=send)
[27-Oct-2022 02:19:41 +0000]: <39rn2slv> SMTP Error: Connection failed: Failed to connect socket: fsockopen(): unable to connect to ssl://mail.vdong.xyz:587 (Unknown error) in D:\laragon\www\roundcubemail\program\lib\Roundcube\rcube.php on line 1778 (POST /?_task=mail&_unlock=loading1666837180997&_framed=1&_action=send)
[27-Oct-2022 03:26:59 +0000]: <39rn2slv> PHP Error: fsockopen(): unable to connect to ssl://mail.vdong.xyz:587 (Unknown error) (POST /?_task=mail&_unlock=loading1666841218843&_framed=1&_action=send)
[27-Oct-2022 03:26:59 +0000]: <39rn2slv> PHP Error: Failed to connect socket: fsockopen(): unable to connect to ssl://mail.vdong.xyz:587 (Unknown error) (POST /?_task=mail&_unlock=loading1666841218843&_framed=1&_action=send)
[27-Oct-2022 03:26:59 +0000]: <39rn2slv> SMTP Error: Connection failed: Failed to connect socket: fsockopen(): unable to connect to ssl://mail.vdong.xyz:587 (Unknown error) in D:\laragon\www\roundcubemail\program\lib\Roundcube\rcube.php on line 1778 (POST /?_task=mail&_unlock=loading1666841218843&_framed=1&_action=send)
[27-Oct-2022 03:27:00 +0000]: <39rn2slv> PHP Error: fsockopen(): unable to connect to ssl://mail.vdong.xyz:587 (Unknown error) (POST /?_task=mail&_unlock=loading1666841220717&_framed=1&_action=send)
[27-Oct-2022 03:27:00 +0000]: <39rn2slv> PHP Error: Failed to connect socket: fsockopen(): unable to connect to ssl://mail.vdong.xyz:587 (Unknown error) (POST /?_task=mail&_unlock=loading1666841220717&_framed=1&_action=send)
[27-Oct-2022 03:27:00 +0000]: <39rn2slv> SMTP Error: Connection failed: Failed to connect socket: fsockopen(): unable to connect to ssl://mail.vdong.xyz:587 (Unknown error) in D:\laragon\www\roundcubemail\program\lib\Roundcube\rcube.php on line 1778 (POST /?_task=mail&_unlock=loading1666841220717&_framed=1&_action=send)
[27-Oct-2022 03:28:41 +0000]: <vs7nsi6r> IMAP Error: Login failed for fujun@vdong.xyz against mail.vdong.xyz from 127.0.0.1. AUTHENTICATE PLAIN: Authentication failed. in D:\laragon\www\roundcubemail\program\lib\Roundcube\rcube_imap.php on line 211 (POST /?_task=login&_action=login)
[27-Oct-2022 03:29:49 +0000]: <k64b63vl> PHP Error: fsockopen(): unable to connect to ssl://mail.vdong.xyz:587 (Unknown error) (POST /?_task=mail&_unlock=loading1666841389409&_framed=1&_action=send)
[27-Oct-2022 03:29:49 +0000]: <k64b63vl> PHP Error: Failed to connect socket: fsockopen(): unable to connect to ssl://mail.vdong.xyz:587 (Unknown error) (POST /?_task=mail&_unlock=loading1666841389409&_framed=1&_action=send)
[27-Oct-2022 03:29:49 +0000]: <k64b63vl> SMTP Error: Connection failed: Failed to connect socket: fsockopen(): unable to connect to ssl://mail.vdong.xyz:587 (Unknown error) in D:\laragon\www\roundcubemail\program\lib\Roundcube\rcube.php on line 1778 (POST /?_task=mail&_unlock=loading1666841389409&_framed=1&_action=send)
[27-Oct-2022 03:29:51 +0000]: <k64b63vl> PHP Error: fsockopen(): unable to connect to ssl://mail.vdong.xyz:587 (Unknown error) (POST /?_task=mail&_unlock=loading1666841390984&_framed=1&_action=send)
[27-Oct-2022 03:29:51 +0000]: <k64b63vl> PHP Error: Failed to connect socket: fsockopen(): unable to connect to ssl://mail.vdong.xyz:587 (Unknown error) (POST /?_task=mail&_unlock=loading1666841390984&_framed=1&_action=send)
[27-Oct-2022 03:29:51 +0000]: <k64b63vl> SMTP Error: Connection failed: Failed to connect socket: fsockopen(): unable to connect to ssl://mail.vdong.xyz:587 (Unknown error) in D:\laragon\www\roundcubemail\program\lib\Roundcube\rcube.php on line 1778 (POST /?_task=mail&_unlock=loading1666841390984&_framed=1&_action=send)
[27-Oct-2022 03:29:53 +0000]: <k64b63vl> PHP Error: fsockopen(): unable to connect to ssl://mail.vdong.xyz:587 (Unknown error) (POST /?_task=mail&_unlock=loading1666841393625&_framed=1&_action=send)
[27-Oct-2022 03:29:53 +0000]: <k64b63vl> PHP Error: Failed to connect socket: fsockopen(): unable to connect to ssl://mail.vdong.xyz:587 (Unknown error) (POST /?_task=mail&_unlock=loading1666841393625&_framed=1&_action=send)
[27-Oct-2022 03:29:53 +0000]: <k64b63vl> SMTP Error: Connection failed: Failed to connect socket: fsockopen(): unable to connect to ssl://mail.vdong.xyz:587 (Unknown error) in D:\laragon\www\roundcubemail\program\lib\Roundcube\rcube.php on line 1778 (POST /?_task=mail&_unlock=loading1666841393625&_framed=1&_action=send)
[27-Oct-2022 03:29:54 +0000]: <k64b63vl> PHP Error: fsockopen(): unable to connect to ssl://mail.vdong.xyz:587 (Unknown error) (POST /?_task=mail&_unlock=loading1666841394514&_framed=1&_action=send)
[27-Oct-2022 03:29:54 +0000]: <k64b63vl> PHP Error: Failed to connect socket: fsockopen(): unable to connect to ssl://mail.vdong.xyz:587 (Unknown error) (POST /?_task=mail&_unlock=loading1666841394514&_framed=1&_action=send)
[27-Oct-2022 03:29:54 +0000]: <k64b63vl> SMTP Error: Connection failed: Failed to connect socket: fsockopen(): unable to connect to ssl://mail.vdong.xyz:587 (Unknown error) in D:\laragon\www\roundcubemail\program\lib\Roundcube\rcube.php on line 1778 (POST /?_task=mail&_unlock=loading1666841394514&_framed=1&_action=send)
[27-Oct-2022 03:29:55 +0000]: <k64b63vl> PHP Error: fsockopen(): unable to connect to ssl://mail.vdong.xyz:587 (Unknown error) (POST /?_task=mail&_unlock=loading1666841395761&_framed=1&_action=send)
[27-Oct-2022 03:29:55 +0000]: <k64b63vl> PHP Error: Failed to connect socket: fsockopen(): unable to connect to ssl://mail.vdong.xyz:587 (Unknown error) (POST /?_task=mail&_unlock=loading1666841395761&_framed=1&_action=send)
[27-Oct-2022 03:29:55 +0000]: <k64b63vl> SMTP Error: Connection failed: Failed to connect socket: fsockopen(): unable to connect to ssl://mail.vdong.xyz:587 (Unknown error) in D:\laragon\www\roundcubemail\program\lib\Roundcube\rcube.php on line 1778 (POST /?_task=mail&_unlock=loading1666841395761&_framed=1&_action=send)
[27-Oct-2022 03:29:57 +0000]: <k64b63vl> PHP Error: fsockopen(): unable to connect to ssl://mail.vdong.xyz:587 (Unknown error) (POST /?_task=mail&_unlock=loading1666841396894&_framed=1&_action=send)
[27-Oct-2022 03:29:57 +0000]: <k64b63vl> PHP Error: Failed to connect socket: fsockopen(): unable to connect to ssl://mail.vdong.xyz:587 (Unknown error) (POST /?_task=mail&_unlock=loading1666841396894&_framed=1&_action=send)
[27-Oct-2022 03:29:57 +0000]: <k64b63vl> SMTP Error: Connection failed: Failed to connect socket: fsockopen(): unable to connect to ssl://mail.vdong.xyz:587 (Unknown error) in D:\laragon\www\roundcubemail\program\lib\Roundcube\rcube.php on line 1778 (POST /?_task=mail&_unlock=loading1666841396894&_framed=1&_action=send)
[27-Oct-2022 03:29:58 +0000]: <k64b63vl> PHP Error: fsockopen(): unable to connect to ssl://mail.vdong.xyz:587 (Unknown error) (POST /?_task=mail&_unlock=loading1666841398254&_framed=1&_action=send)
[27-Oct-2022 03:29:58 +0000]: <k64b63vl> PHP Error: Failed to connect socket: fsockopen(): unable to connect to ssl://mail.vdong.xyz:587 (Unknown error) (POST /?_task=mail&_unlock=loading1666841398254&_framed=1&_action=send)
[27-Oct-2022 03:29:58 +0000]: <k64b63vl> SMTP Error: Connection failed: Failed to connect socket: fsockopen(): unable to connect to ssl://mail.vdong.xyz:587 (Unknown error) in D:\laragon\www\roundcubemail\program\lib\Roundcube\rcube.php on line 1778 (POST /?_task=mail&_unlock=loading1666841398254&_framed=1&_action=send)
[27-Oct-2022 03:29:59 +0000]: <k64b63vl> PHP Error: fsockopen(): unable to connect to ssl://mail.vdong.xyz:587 (Unknown error) (POST /?_task=mail&_unlock=loading1666841399184&_framed=1&_action=send)
[27-Oct-2022 03:29:59 +0000]: <k64b63vl> PHP Error: Failed to connect socket: fsockopen(): unable to connect to ssl://mail.vdong.xyz:587 (Unknown error) (POST /?_task=mail&_unlock=loading1666841399184&_framed=1&_action=send)
[27-Oct-2022 03:29:59 +0000]: <k64b63vl> SMTP Error: Connection failed: Failed to connect socket: fsockopen(): unable to connect to ssl://mail.vdong.xyz:587 (Unknown error) in D:\laragon\www\roundcubemail\program\lib\Roundcube\rcube.php on line 1778 (POST /?_task=mail&_unlock=loading1666841399184&_framed=1&_action=send)
[27-Oct-2022 03:30:01 +0000]: <k64b63vl> PHP Error: fsockopen(): unable to connect to ssl://mail.vdong.xyz:587 (Unknown error) (POST /?_task=mail&_unlock=loading1666841401654&_framed=1&_action=send)
[27-Oct-2022 03:30:01 +0000]: <k64b63vl> PHP Error: Failed to connect socket: fsockopen(): unable to connect to ssl://mail.vdong.xyz:587 (Unknown error) (POST /?_task=mail&_unlock=loading1666841401654&_framed=1&_action=send)
[27-Oct-2022 03:30:01 +0000]: <k64b63vl> SMTP Error: Connection failed: Failed to connect socket: fsockopen(): unable to connect to ssl://mail.vdong.xyz:587 (Unknown error) in D:\laragon\www\roundcubemail\program\lib\Roundcube\rcube.php on line 1778 (POST /?_task=mail&_unlock=loading1666841401654&_framed=1&_action=send)
[27-Oct-2022 03:30:04 +0000]: <k64b63vl> PHP Error: fsockopen(): unable to connect to ssl://mail.vdong.xyz:587 (Unknown error) (POST /?_task=mail&_unlock=loading1666841402505&_framed=1&_action=send)
[27-Oct-2022 03:30:04 +0000]: <k64b63vl> PHP Error: Failed to connect socket: fsockopen(): unable to connect to ssl://mail.vdong.xyz:587 (Unknown error) (POST /?_task=mail&_unlock=loading1666841402505&_framed=1&_action=send)
[27-Oct-2022 03:30:04 +0000]: <k64b63vl> SMTP Error: Connection failed: Failed to connect socket: fsockopen(): unable to connect to ssl://mail.vdong.xyz:587 (Unknown error) in D:\laragon\www\roundcubemail\program\lib\Roundcube\rcube.php on line 1778 (POST /?_task=mail&_unlock=loading1666841402505&_framed=1&_action=send)
[27-Oct-2022 03:30:04 +0000]: <k64b63vl> PHP Error: fsockopen(): unable to connect to ssl://mail.vdong.xyz:587 (Unknown error) (POST /?_task=mail&_unlock=loading1666841404770&_framed=1&_action=send)
[27-Oct-2022 03:30:04 +0000]: <k64b63vl> PHP Error: Failed to connect socket: fsockopen(): unable to connect to ssl://mail.vdong.xyz:587 (Unknown error) (POST /?_task=mail&_unlock=loading1666841404770&_framed=1&_action=send)
[27-Oct-2022 03:30:04 +0000]: <k64b63vl> SMTP Error: Connection failed: Failed to connect socket: fsockopen(): unable to connect to ssl://mail.vdong.xyz:587 (Unknown error) in D:\laragon\www\roundcubemail\program\lib\Roundcube\rcube.php on line 1778 (POST /?_task=mail&_unlock=loading1666841404770&_framed=1&_action=send)
[27-Oct-2022 03:30:05 +0000]: <k64b63vl> PHP Error: fsockopen(): unable to connect to ssl://mail.vdong.xyz:587 (Unknown error) (POST /?_task=mail&_unlock=loading1666841405596&_framed=1&_action=send)
[27-Oct-2022 03:30:05 +0000]: <k64b63vl> PHP Error: Failed to connect socket: fsockopen(): unable to connect to ssl://mail.vdong.xyz:587 (Unknown error) (POST /?_task=mail&_unlock=loading1666841405596&_framed=1&_action=send)
[27-Oct-2022 03:30:05 +0000]: <k64b63vl> SMTP Error: Connection failed: Failed to connect socket: fsockopen(): unable to connect to ssl://mail.vdong.xyz:587 (Unknown error) in D:\laragon\www\roundcubemail\program\lib\Roundcube\rcube.php on line 1778 (POST /?_task=mail&_unlock=loading1666841405596&_framed=1&_action=send)
[27-Oct-2022 03:30:06 +0000]: <k64b63vl> PHP Error: fsockopen(): unable to connect to ssl://mail.vdong.xyz:587 (Unknown error) (POST /?_task=mail&_unlock=loading1666841406367&_framed=1&_action=send)
[27-Oct-2022 03:30:06 +0000]: <k64b63vl> PHP Error: Failed to connect socket: fsockopen(): unable to connect to ssl://mail.vdong.xyz:587 (Unknown error) (POST /?_task=mail&_unlock=loading1666841406367&_framed=1&_action=send)
[27-Oct-2022 03:30:06 +0000]: <k64b63vl> SMTP Error: Connection failed: Failed to connect socket: fsockopen(): unable to connect to ssl://mail.vdong.xyz:587 (Unknown error) in D:\laragon\www\roundcubemail\program\lib\Roundcube\rcube.php on line 1778 (POST /?_task=mail&_unlock=loading1666841406367&_framed=1&_action=send)
[27-Oct-2022 03:30:07 +0000]: <k64b63vl> PHP Error: fsockopen(): unable to connect to ssl://mail.vdong.xyz:587 (Unknown error) (POST /?_task=mail&_unlock=loading1666841407163&_framed=1&_action=send)
[27-Oct-2022 03:30:07 +0000]: <k64b63vl> PHP Error: Failed to connect socket: fsockopen(): unable to connect to ssl://mail.vdong.xyz:587 (Unknown error) (POST /?_task=mail&_unlock=loading1666841407163&_framed=1&_action=send)
[27-Oct-2022 03:30:07 +0000]: <k64b63vl> SMTP Error: Connection failed: Failed to connect socket: fsockopen(): unable to connect to ssl://mail.vdong.xyz:587 (Unknown error) in D:\laragon\www\roundcubemail\program\lib\Roundcube\rcube.php on line 1778 (POST /?_task=mail&_unlock=loading1666841407163&_framed=1&_action=send)
[27-Oct-2022 03:30:09 +0000]: <k64b63vl> PHP Error: fsockopen(): unable to connect to ssl://mail.vdong.xyz:587 (Unknown error) (POST /?_task=mail&_unlock=loading1666841409003&_framed=1&_action=send)
[27-Oct-2022 03:30:09 +0000]: <k64b63vl> PHP Error: Failed to connect socket: fsockopen(): unable to connect to ssl://mail.vdong.xyz:587 (Unknown error) (POST /?_task=mail&_unlock=loading1666841409003&_framed=1&_action=send)
[27-Oct-2022 03:30:09 +0000]: <k64b63vl> SMTP Error: Connection failed: Failed to connect socket: fsockopen(): unable to connect to ssl://mail.vdong.xyz:587 (Unknown error) in D:\laragon\www\roundcubemail\program\lib\Roundcube\rcube.php on line 1778 (POST /?_task=mail&_unlock=loading1666841409003&_framed=1&_action=send)
